This file contains any messages produced by compilers while
running configure, to aid debugging if configure makes a mistake.

It was created by libGE configure 0.26, which was
generated by GNU Autoconf 2.59.  Invocation command line was

  $ ./configure --with-MITGALIBINCLUDES=../galib247/ga --with-MITGALIBLIBS=../galib247/ga/libga.a --enable-GE_ILLIGALSGA=no

## --------- ##
## Platform. ##
## --------- ##

hostname = rlab-dudek.dhcp.mc.vanderbilt.edu
uname -m = i386
uname -r = 10.4.0
uname -s = Darwin
uname -v = Darwin Kernel Version 10.4.0: Fri Apr 23 18:28:53 PDT 2010; root:xnu-1504.7.4~1/RELEASE_I386

/usr/bin/uname -p = i386
/bin/uname -X     = unknown

/bin/arch              = unknown
/usr/bin/arch -k       = unknown
/usr/convex/getsysinfo = unknown
hostinfo               = Mach kernel version:
	 Darwin Kernel Version 10.4.0: Fri Apr 23 18:28:53 PDT 2010; root:xnu-1504.7.4~1/RELEASE_I386
Kernel configured for up to 4 processors.
4 processors are physically available.
4 processors are logically available.
Processor type: i486 (Intel 80486)
Processors active: 0 1 2 3
Primary memory available: 6.00 gigabytes
Default processor set: 72 tasks, 364 threads, 4 processors
Load average: 0.52, Mach factor: 3.47
/bin/machine           = unknown
/usr/bin/oslevel       = unknown
/bin/universe          = unknown

PATH: /opt/local/bin
PATH: /opt/local/sbin
PATH: /usr/local/mysql/bin
PATH: /usr/local
PATH: /usr/local/bin
PATH: /usr/bin
PATH: /bin
PATH: /usr/sbin
PATH: /sbin
PATH: /usr/local/bin
PATH: /usr/X11/bin


## ----------- ##
## Core tests. ##
## ----------- ##

configure:1384: checking for a BSD-compatible install
configure:1439: result: /usr/bin/install -c
configure:1450: checking whether build environment is sane
configure:1493: result: yes
configure:1558: checking for gawk
configure:1587: result: no
configure:1558: checking for mawk
configure:1587: result: no
configure:1558: checking for nawk
configure:1587: result: no
configure:1558: checking for awk
configure:1574: found /usr/bin/awk
configure:1584: result: awk
configure:1594: checking whether make sets $(MAKE)
configure:1614: result: yes
configure:1875: checking for gcc
configure:1891: found /usr/bin/gcc
configure:1901: result: gcc
configure:2145: checking for C compiler version
configure:2148: gcc --version </dev/null >&5
i686-apple-darwin10-gcc-4.2.1 (GCC) 4.2.1 (Apple Inc. build 5659)
Copyright (C) 2007 Free Software Foundation, Inc.
This is free software; see the source for copying conditions.  There is NO
warranty; not even for MERCHANTABILITY or FITNESS FOR A PARTICULAR PURPOSE.

configure:2151: $? = 0
configure:2153: gcc -v </dev/null >&5
Using built-in specs.
Target: i686-apple-darwin10
Configured with: /var/tmp/gcc/gcc-5659~1/src/configure --disable-checking --enable-werror --prefix=/usr --mandir=/share/man --enable-languages=c,objc,c++,obj-c++ --program-transform-name=/^[cg][^.-]*$/s/$/-4.2/ --with-slibdir=/usr/lib --build=i686-apple-darwin10 --program-prefix=i686-apple-darwin10- --host=x86_64-apple-darwin10 --target=i686-apple-darwin10 --with-gxx-include-dir=/include/c++/4.2.1
Thread model: posix
gcc version 4.2.1 (Apple Inc. build 5659)
configure:2156: $? = 0
configure:2158: gcc -V </dev/null >&5
gcc-4.2: argument to `-V' is missing
configure:2161: $? = 1
configure:2184: checking for C compiler default output file name
configure:2187: gcc    conftest.c  >&5
configure:2190: $? = 0
configure:2236: result: a.out
configure:2241: checking whether the C compiler works
configure:2247: ./a.out
configure:2250: $? = 0
configure:2267: result: yes
configure:2274: checking whether we are cross compiling
configure:2276: result: no
configure:2279: checking for suffix of executables
configure:2281: gcc -o conftest    conftest.c  >&5
configure:2284: $? = 0
configure:2309: result: 
configure:2315: checking for suffix of object files
configure:2336: gcc -c   conftest.c >&5
configure:2339: $? = 0
configure:2361: result: o
configure:2365: checking whether we are using the GNU C compiler
configure:2389: gcc -c   conftest.c >&5
configure:2395: $? = 0
configure:2399: test -z 
			 || test ! -s conftest.err
configure:2402: $? = 0
configure:2405: test -s conftest.o
configure:2408: $? = 0
configure:2421: result: yes
configure:2427: checking whether gcc accepts -g
configure:2448: gcc -c -g  conftest.c >&5
configure:2454: $? = 0
configure:2458: test -z 
			 || test ! -s conftest.err
configure:2461: $? = 0
configure:2464: test -s conftest.o
configure:2467: $? = 0
configure:2478: result: yes
configure:2495: checking for gcc option to accept ANSI C
configure:2565: gcc  -c -g -O2  conftest.c >&5
configure:2571: $? = 0
configure:2575: test -z 
			 || test ! -s conftest.err
configure:2578: $? = 0
configure:2581: test -s conftest.o
configure:2584: $? = 0
configure:2602: result: none needed
configure:2620: gcc -c -g -O2  conftest.c >&5
conftest.c:2: error: expected '=', ',', ';', 'asm' or '__attribute__' before 'me'
configure:2626: $? = 1
configure: failed program was:
| #ifndef __cplusplus
|   choke me
| #endif
configure:2770: checking for style of include used by make
configure:2798: result: GNU
configure:2826: checking dependency style of gcc
configure:2916: result: gcc3
configure:2985: checking for g++
configure:3001: found /usr/bin/g++
configure:3011: result: g++
configure:3027: checking for C++ compiler version
configure:3030: g++ --version </dev/null >&5
i686-apple-darwin10-g++-4.2.1 (GCC) 4.2.1 (Apple Inc. build 5659)
Copyright (C) 2007 Free Software Foundation, Inc.
This is free software; see the source for copying conditions.  There is NO
warranty; not even for MERCHANTABILITY or FITNESS FOR A PARTICULAR PURPOSE.

configure:3033: $? = 0
configure:3035: g++ -v </dev/null >&5
Using built-in specs.
Target: i686-apple-darwin10
Configured with: /var/tmp/gcc/gcc-5659~1/src/configure --disable-checking --enable-werror --prefix=/usr --mandir=/share/man --enable-languages=c,objc,c++,obj-c++ --program-transform-name=/^[cg][^.-]*$/s/$/-4.2/ --with-slibdir=/usr/lib --build=i686-apple-darwin10 --program-prefix=i686-apple-darwin10- --host=x86_64-apple-darwin10 --target=i686-apple-darwin10 --with-gxx-include-dir=/include/c++/4.2.1
Thread model: posix
gcc version 4.2.1 (Apple Inc. build 5659)
configure:3038: $? = 0
configure:3040: g++ -V </dev/null >&5
g++-4.2: argument to `-V' is missing
configure:3043: $? = 1
configure:3046: checking whether we are using the GNU C++ compiler
configure:3070: g++ -c   conftest.cc >&5
configure:3076: $? = 0
configure:3080: test -z 
			 || test ! -s conftest.err
configure:3083: $? = 0
configure:3086: test -s conftest.o
configure:3089: $? = 0
configure:3102: result: yes
configure:3108: checking whether g++ accepts -g
configure:3129: g++ -c -g  conftest.cc >&5
configure:3135: $? = 0
configure:3139: test -z 
			 || test ! -s conftest.err
configure:3142: $? = 0
configure:3145: test -s conftest.o
configure:3148: $? = 0
configure:3159: result: yes
configure:3201: g++ -c -g -O2  conftest.cc >&5
configure:3207: $? = 0
configure:3211: test -z 
			 || test ! -s conftest.err
configure:3214: $? = 0
configure:3217: test -s conftest.o
configure:3220: $? = 0
configure:3246: g++ -c -g -O2  conftest.cc >&5
conftest.cc: In function 'int main()':
conftest.cc:15: error: 'exit' was not declared in this scope
configure:3252: $? = 1
configure: failed program was:
| /* confdefs.h.  */
| 
| #define PACKAGE_NAME "libGE"
| #define PACKAGE_TARNAME "libGE"
| #define PACKAGE_VERSION "0.26"
| #define PACKAGE_STRING "libGE 0.26"
| #define PACKAGE_BUGREPORT "miguel.nicolau@gmail.com"
| #define PACKAGE "libGE"
| #define VERSION "0.26"
| /* end confdefs.h.  */
| 
| int
| main ()
| {
| exit (42);
|   ;
|   return 0;
| }
configure:3201: g++ -c -g -O2  conftest.cc >&5
conftest.cc:11: error: 'void std::exit(int)' should have been declared inside 'std'
In file included from conftest.cc:12:
/usr/include/stdlib.h:159: error: declaration of 'void std::exit(int)' throws different exceptions
conftest.cc:11: error: from previous declaration 'void std::exit(int) throw ()'
configure:3207: $? = 1
configure: failed program was:
| /* confdefs.h.  */
| 
| #define PACKAGE_NAME "libGE"
| #define PACKAGE_TARNAME "libGE"
| #define PACKAGE_VERSION "0.26"
| #define PACKAGE_STRING "libGE 0.26"
| #define PACKAGE_BUGREPORT "miguel.nicolau@gmail.com"
| #define PACKAGE "libGE"
| #define VERSION "0.26"
| /* end confdefs.h.  */
| extern "C" void std::exit (int) throw (); using std::exit;
| #include <stdlib.h>
| int
| main ()
| {
| exit (42);
|   ;
|   return 0;
| }
configure:3201: g++ -c -g -O2  conftest.cc >&5
conftest.cc:11: error: 'void std::exit(int)' should have been declared inside 'std'
configure:3207: $? = 1
configure: failed program was:
| /* confdefs.h.  */
| 
| #define PACKAGE_NAME "libGE"
| #define PACKAGE_TARNAME "libGE"
| #define PACKAGE_VERSION "0.26"
| #define PACKAGE_STRING "libGE 0.26"
| #define PACKAGE_BUGREPORT "miguel.nicolau@gmail.com"
| #define PACKAGE "libGE"
| #define VERSION "0.26"
| /* end confdefs.h.  */
| extern "C" void std::exit (int); using std::exit;
| #include <stdlib.h>
| int
| main ()
| {
| exit (42);
|   ;
|   return 0;
| }
configure:3201: g++ -c -g -O2  conftest.cc >&5
In file included from conftest.cc:12:
/usr/include/stdlib.h:159: error: declaration of 'void exit(int)' throws different exceptions
conftest.cc:11: error: from previous declaration 'void exit(int) throw ()'
configure:3207: $? = 1
configure: failed program was:
| /* confdefs.h.  */
| 
| #define PACKAGE_NAME "libGE"
| #define PACKAGE_TARNAME "libGE"
| #define PACKAGE_VERSION "0.26"
| #define PACKAGE_STRING "libGE 0.26"
| #define PACKAGE_BUGREPORT "miguel.nicolau@gmail.com"
| #define PACKAGE "libGE"
| #define VERSION "0.26"
| /* end confdefs.h.  */
| extern "C" void exit (int) throw ();
| #include <stdlib.h>
| int
| main ()
| {
| exit (42);
|   ;
|   return 0;
| }
configure:3201: g++ -c -g -O2  conftest.cc >&5
configure:3207: $? = 0
configure:3211: test -z 
			 || test ! -s conftest.err
configure:3214: $? = 0
configure:3217: test -s conftest.o
configure:3220: $? = 0
configure:3246: g++ -c -g -O2  conftest.cc >&5
configure:3252: $? = 0
configure:3256: test -z 
			 || test ! -s conftest.err
configure:3259: $? = 0
configure:3262: test -s conftest.o
configure:3265: $? = 0
configure:3290: checking dependency style of g++
configure:3380: result: gcc3
configure:4247: checking stdlib.h usability
configure:4259: gcc -c -g -O2  conftest.c >&5
configure:4265: $? = 0
configure:4269: test -z 
			 || test ! -s conftest.err
configure:4272: $? = 0
configure:4275: test -s conftest.o
configure:4278: $? = 0
configure:4288: result: yes
configure:4292: checking stdlib.h presence
configure:4302:   conftest.c
./configure: line 4303: conftest.c: command not found
configure:4308: $? = 127
configure: failed program was:
| /* confdefs.h.  */
| 
| #define PACKAGE_NAME "libGE"
| #define PACKAGE_TARNAME "libGE"
| #define PACKAGE_VERSION "0.26"
| #define PACKAGE_STRING "libGE 0.26"
| #define PACKAGE_BUGREPORT "miguel.nicolau@gmail.com"
| #define PACKAGE "libGE"
| #define VERSION "0.26"
| #ifdef __cplusplus
| extern "C" void exit (int);
| #endif
| /* end confdefs.h.  */
| #include <stdlib.h>
configure:4328: result: no
configure:4334: WARNING: stdlib.h: accepted by the compiler, rejected by the preprocessor!
configure:4336: WARNING: stdlib.h: proceeding with the compiler's result
configure:4363: checking for stdlib.h
configure:4370: result: yes
configure:4383: checking for GNU libc compatible malloc
configure:4412: gcc -o conftest -g -O2   conftest.c  >&5
configure:4415: $? = 0
configure:4417: ./conftest
configure:4420: $? = 0
configure:4434: result: yes
configure:4856: checking for ../galib247/ga/ga.h
configure:4871: result: yes
configure:4912: checking whether GALib includes are compilable
configure:4930: g++ -c -g -O2  -I../galib247/ga/.. conftest.cc >&5
configure:4936: $? = 0
configure:4940: test -z 
			 || test ! -s conftest.err
configure:4943: $? = 0
configure:4946: test -s conftest.o
configure:4949: $? = 0
configure:4951: result: yes
configure:4966: checking whether GALib library is installed
configure:4984: g++ -o conftest -g -O2  -I../galib247/ga/..  conftest.cc  ../galib247/ga/libga.a >&5
configure:4990: $? = 0
configure:4994: test -z 
			 || test ! -s conftest.err
configure:4997: $? = 0
configure:5000: test -s conftest
configure:5003: $? = 0
configure:5005: result: yes
configure:5040: checking for stdbool.h that conforms to C99
configure:5093: g++ -c -g -O2  -I../galib247/ga/.. conftest.cc >&5
configure:5099: $? = 0
configure:5103: test -z 
			 || test ! -s conftest.err
configure:5106: $? = 0
configure:5109: test -s conftest.o
configure:5112: $? = 0
configure:5123: result: yes
configure:5125: checking for _Bool
configure:5149: g++ -c -g -O2  -I../galib247/ga/.. conftest.cc >&5
conftest.cc: In function 'int main()':
conftest.cc:54: error: '_Bool' was not declared in this scope
conftest.cc:54: error: expected primary-expression before ')' token
conftest.cc:54: error: expected `)' before numeric constant
conftest.cc:56: error: '_Bool' was not declared in this scope
configure:5155: $? = 1
configure: failed program was:
| /* confdefs.h.  */
| 
| #define PACKAGE_NAME "libGE"
| #define PACKAGE_TARNAME "libGE"
| #define PACKAGE_VERSION "0.26"
| #define PACKAGE_STRING "libGE 0.26"
| #define PACKAGE_BUGREPORT "miguel.nicolau@gmail.com"
| #define PACKAGE "libGE"
| #define VERSION "0.26"
| #ifdef __cplusplus
| extern "C" void exit (int);
| #endif
| #define HAVE_STDLIB_H 1
| #define HAVE_MALLOC 1
| #define GALIB_INCLUDEPATH "../galib247/ga/ga.h"
| /* end confdefs.h.  */
| #include <stdio.h>
| #if HAVE_SYS_TYPES_H
| # include <sys/types.h>
| #endif
| #if HAVE_SYS_STAT_H
| # include <sys/stat.h>
| #endif
| #if STDC_HEADERS
| # include <stdlib.h>
| # include <stddef.h>
| #else
| # if HAVE_STDLIB_H
| #  include <stdlib.h>
| # endif
| #endif
| #if HAVE_STRING_H
| # if !STDC_HEADERS && HAVE_MEMORY_H
| #  include <memory.h>
| # endif
| # include <string.h>
| #endif
| #if HAVE_STRINGS_H
| # include <strings.h>
| #endif
| #if HAVE_INTTYPES_H
| # include <inttypes.h>
| #else
| # if HAVE_STDINT_H
| #  include <stdint.h>
| # endif
| #endif
| #if HAVE_UNISTD_H
| # include <unistd.h>
| #endif
| int
| main ()
| {
| if ((_Bool *) 0)
|   return 0;
| if (sizeof (_Bool))
|   return 0;
|   ;
|   return 0;
| }
configure:5179: result: no
configure:5239: checking for ranlib
configure:5255: found /usr/bin/ranlib
configure:5266: result: ranlib
configure:5416: creating ./config.status

## ---------------------- ##
## Running config.status. ##
## ---------------------- ##

This file was extended by libGE config.status 0.26, which was
generated by GNU Autoconf 2.59.  Invocation command line was

  CONFIG_FILES    = 
  CONFIG_HEADERS  = 
  CONFIG_LINKS    = 
  CONFIG_COMMANDS = 
  $ ./config.status 

on rlab-dudek.dhcp.mc.vanderbilt.edu

config.status:702: creating Makefile
config.status:806: creating src/libGEdefs.h
config.status:1080: executing depfiles commands
configure:6715: ************************************************************
configure:6717: * Now run `make` and `make install`. The following options *
configure:6719: * were set:                                                *
configure:6725: * - IlliGAL sga support was NOT installed;                 *
configure:6729: * - GALib support was installed;                           *
configure:6735: * - EO support is implicit.                                *
configure:6737: ************************************************************

## ---------------- ##
## Cache variables. ##
## ---------------- ##

ac_cv_c_compiler_gnu=yes
ac_cv_cxx_compiler_gnu=yes
ac_cv_env_CC_set=
ac_cv_env_CC_value=
ac_cv_env_CFLAGS_set=
ac_cv_env_CFLAGS_value=
ac_cv_env_CPPFLAGS_set=
ac_cv_env_CPPFLAGS_value=
ac_cv_env_CPP_set=
ac_cv_env_CPP_value=
ac_cv_env_CXXCPP_set=
ac_cv_env_CXXCPP_value=
ac_cv_env_CXXFLAGS_set=
ac_cv_env_CXXFLAGS_value=
ac_cv_env_CXX_set=
ac_cv_env_CXX_value=
ac_cv_env_LDFLAGS_set=
ac_cv_env_LDFLAGS_value=
ac_cv_env_build_alias_set=
ac_cv_env_build_alias_value=
ac_cv_env_host_alias_set=
ac_cv_env_host_alias_value=
ac_cv_env_target_alias_set=
ac_cv_env_target_alias_value=
ac_cv_exeext=
ac_cv_file____galib247_ga_ga_h=yes
ac_cv_func_malloc_0_nonnull=yes
ac_cv_header_stdbool_h=yes
ac_cv_header_stdlib_h=yes
ac_cv_objext=o
ac_cv_path_install='/usr/bin/install -c'
ac_cv_prog_AWK=awk
ac_cv_prog_ac_ct_CC=gcc
ac_cv_prog_ac_ct_CXX=g++
ac_cv_prog_ac_ct_RANLIB=ranlib
ac_cv_prog_cc_g=yes
ac_cv_prog_cc_stdc=
ac_cv_prog_cxx_g=yes
ac_cv_prog_make_make_set=yes
ac_cv_type__Bool=no
am_cv_CC_dependencies_compiler_type=gcc3
am_cv_CXX_dependencies_compiler_type=gcc3

## ----------------- ##
## Output variables. ##
## ----------------- ##

ACLOCAL='${SHELL} /Users/dudeksm/Documents/lab/athena/src/libGE-0.26/config/missing --run aclocal-1.9'
AMDEPBACKSLASH='\'
AMDEP_FALSE='#'
AMDEP_TRUE=''
AMTAR='${SHELL} /Users/dudeksm/Documents/lab/athena/src/libGE-0.26/config/missing --run tar'
AUTOCONF='${SHELL} /Users/dudeksm/Documents/lab/athena/src/libGE-0.26/config/missing --run autoconf'
AUTOHEADER='${SHELL} /Users/dudeksm/Documents/lab/athena/src/libGE-0.26/config/missing --run autoheader'
AUTOMAKE='${SHELL} /Users/dudeksm/Documents/lab/athena/src/libGE-0.26/config/missing --run automake-1.9'
AWK='awk'
CC='gcc'
CCDEPMODE='depmode=gcc3'
CFLAGS='-g -O2'
CPP=''
CPPFLAGS=' -I../galib247/ga/..'
CXX='g++'
CXXCPP=''
CXXDEPMODE='depmode=gcc3'
CXXFLAGS='-g -O2'
CYGPATH_W='echo'
DEFS='-DHAVE_CONFIG_H'
DEPDIR='.deps'
ECHO_C=''
ECHO_N='-n'
ECHO_T=''
EGREP=''
EXEEXT=''
ILLIGALSGA_WRAPPER_FALSE=''
ILLIGALSGA_WRAPPER_TRUE='#'
INSTALL_DATA='${INSTALL} -m 644'
INSTALL_PROGRAM='${INSTALL}'
INSTALL_SCRIPT='${INSTALL}'
INSTALL_STRIP_PROGRAM='${SHELL} $(install_sh) -c -s'
LDFLAGS=''
LIBOBJS=''
LIBS=' ../galib247/ga/libga.a'
LTLIBOBJS=''
MAKEINFO='${SHELL} /Users/dudeksm/Documents/lab/athena/src/libGE-0.26/config/missing --run makeinfo'
MITGALIB_WRAPPER_FALSE='#'
MITGALIB_WRAPPER_TRUE=''
OBJEXT='o'
PACKAGE='libGE'
PACKAGE_BUGREPORT='miguel.nicolau@gmail.com'
PACKAGE_NAME='libGE'
PACKAGE_STRING='libGE 0.26'
PACKAGE_TARNAME='libGE'
PACKAGE_VERSION='0.26'
PATH_SEPARATOR=':'
RANLIB='ranlib'
SET_MAKE=''
SHELL='/bin/sh'
STRIP=''
VERSION='0.26'
ac_ct_CC='gcc'
ac_ct_CXX='g++'
ac_ct_RANLIB='ranlib'
ac_ct_STRIP=''
am__fastdepCC_FALSE='#'
am__fastdepCC_TRUE=''
am__fastdepCXX_FALSE='#'
am__fastdepCXX_TRUE=''
am__include='include'
am__leading_dot='.'
am__quote=''
am__tar='${AMTAR} chof - "$$tardir"'
am__untar='${AMTAR} xf -'
bindir='${exec_prefix}/bin'
build_alias=''
datadir='${prefix}/share'
exec_prefix='${prefix}'
host_alias=''
includedir='${prefix}/include'
infodir='${prefix}/info'
install_sh='/Users/dudeksm/Documents/lab/athena/src/libGE-0.26/config/install-sh'
libdir='${exec_prefix}/lib'
libexecdir='${exec_prefix}/libexec'
localstatedir='${prefix}/var'
mandir='${prefix}/man'
mkdir_p='$(mkinstalldirs)'
oldincludedir='/usr/include'
prefix='/usr/local'
program_transform_name='s,x,x,'
sbindir='${exec_prefix}/sbin'
sharedstatedir='${prefix}/com'
sysconfdir='${prefix}/etc'
target_alias=''

## ----------- ##
## confdefs.h. ##
## ----------- ##

#define GALIB_INCLUDEPATH "../galib247/ga/ga.h"
#define HAVE_MALLOC 1
#define HAVE_STDBOOL_H 1
#define HAVE_STDLIB_H 1
#define PACKAGE "libGE"
#define PACKAGE_BUGREPORT "miguel.nicolau@gmail.com"
#define PACKAGE_NAME "libGE"
#define PACKAGE_STRING "libGE 0.26"
#define PACKAGE_TARNAME "libGE"
#define PACKAGE_VERSION "0.26"
#define VERSION "0.26"
#endif
#ifdef __cplusplus
extern "C" void exit (int);

configure: exit 0
